# JRE version: OpenJDK Runtime Environment Temurin-21.0.8+9 (21.0.8+9) (build 21.0.8+9-LTS)
# Java VM: OpenJDK 64-Bit Server VM Temurin-21.0.8+9 (21.0.8+9-LTS, mixed mode, sharing, tiered, compressed oops, compressed class ptrs, parallel gc, windows-amd64)
GC Precious Log:
 CardTable entry size: 512
 CPUs: 8 total, 8 available
 Memory: 8043M
 Large Page Support: Disabled
 NUMA Support: Disabled
 Compressed Oops: Enabled (32-bit)
 Alignments: Space 512K, Generation 512K, Heap 2M
 Heap Min Capacity: 100M
 Heap Initial Capacity: 100M
 Heap Max Capacity: 2G
 Pre-touch: Disabled
 Parallel Workers: 8
Heap:
 PSYoungGen      total 15872K, used 10453K [0x00000000d5580000, 0x00000000d6800000, 0x0000000100000000)
  eden space 12800K, 59% used [0x00000000d5580000,0x00000000d5ce4848,0x00000000d6200000)
  from space 3072K, 93% used [0x00000000d6200000,0x00000000d64d0ec8,0x00000000d6500000)
  to   space 3072K, 0% used [0x00000000d6500000,0x00000000d6500000,0x00000000d6800000)
 ParOldGen       total 68608K, used 62644K [0x0000000080000000, 0x0000000084300000, 0x00000000d5580000)
  object space 68608K, 91% used [0x0000000080000000,0x0000000083d2d110,0x0000000084300000)
 Metaspace       used 49926K, committed 51072K, reserved 1114112K
  class space    used 5296K, committed 5824K, reserved 1048576K
GC Heap History (20 events):
Event: 12.617 GC heap before
{Heap before GC invocations=38 (full 2):
 PSYoungGen      total 18944K, used 18624K [0x00000000d5580000, 0x00000000d6a00000, 0x0000000100000000)
  eden space 16896K, 100% used [0x00000000d5580000,0x00000000d6600000,0x00000000d6600000)
  from space 2048K, 84% used [0x00000000d6600000,0x00000000d67b0000,0x00000000d6800000)
  to   space 2048K, 0% used [0x00000000d6800000,0x00000000d6800000,0x00000000d6a00000)
 ParOldGen       total 68608K, used 42790K [0x0000000080000000, 0x0000000084300000, 0x00000000d5580000)
  object space 68608K, 62% used [0x0000000080000000,0x00000000829c9a60,0x0000000084300000)
 Metaspace       used 47387K, committed 48576K, reserved 1114112K
  class space    used 5071K, committed 5568K, reserved 1048576K
}
Event: 12.621 GC heap after
{Heap after GC invocations=38 (full 2):
 PSYoungGen      total 16896K, used 2025K [0x00000000d5580000, 0x00000000d6e00000, 0x0000000100000000)
  eden space 14848K, 0% used [0x00000000d5580000,0x00000000d5580000,0x00000000d6400000)
  from space 2048K, 98% used [0x00000000d6800000,0x00000000d69fa570,0x00000000d6a00000)
  to   space 4096K, 0% used [0x00000000d6400000,0x00000000d6400000,0x00000000d6800000)
 ParOldGen       total 68608K, used 44387K [0x0000000080000000, 0x0000000084300000, 0x00000000d5580000)
  object space 68608K, 64% used [0x0000000080000000,0x0000000082b58c70,0x0000000084300000)
 Metaspace       used 47387K, committed 48576K, reserved 1114112K
  class space    used 5071K, committed 5568K, reserved 1048576K
}
Event: 13.025 GC heap before
{Heap before GC invocations=39 (full 2):
 PSYoungGen      total 16896K, used 16873K [0x00000000d5580000, 0x00000000d6e00000, 0x0000000100000000)
  eden space 14848K, 100% used [0x00000000d5580000,0x00000000d6400000,0x00000000d6400000)
  from space 2048K, 98% used [0x00000000d6800000,0x00000000d69fa570,0x00000000d6a00000)
  to   space 4096K, 0% used [0x00000000d6400000,0x00000000d6400000,0x00000000d6800000)
 ParOldGen       total 68608K, used 44387K [0x0000000080000000, 0x0000000084300000, 0x00000000d5580000)
  object space 68608K, 64% used [0x0000000080000000,0x0000000082b58c70,0x0000000084300000)
 Metaspace       used 48099K, committed 49344K, reserved 1114112K
  class space    used 5133K, committed 5696K, reserved 1048576K
}
Event: 13.030 GC heap after
{Heap after GC invocations=39 (full 2):
 PSYoungGen      total 17408K, used 2405K [0x00000000d5580000, 0x00000000d6a00000, 0x0000000100000000)
  eden space 14848K, 0% used [0x00000000d5580000,0x00000000d5580000,0x00000000d6400000)
  from space 2560K, 93% used [0x00000000d6400000,0x00000000d6659438,0x00000000d6680000)
  to   space 3072K, 0% used [0x00000000d6700000,0x00000000d6700000,0x00000000d6a00000)
 ParOldGen       total 68608K, used 45513K [0x0000000080000000, 0x0000000084300000, 0x00000000d5580000)
  object space 68608K, 66% used [0x0000000080000000,0x0000000082c72460,0x0000000084300000)
 Metaspace       used 48099K, committed 49344K, reserved 1114112K
  class space    used 5133K, committed 5696K, reserved 1048576K
}
Event: 13.297 GC heap before
{Heap before GC invocations=40 (full 2):
 PSYoungGen      total 17408K, used 17244K [0x00000000d5580000, 0x00000000d6a00000, 0x0000000100000000)
  eden space 14848K, 99% used [0x00000000d5580000,0x00000000d63fde20,0x00000000d6400000)
  from space 2560K, 93% used [0x00000000d6400000,0x00000000d6659438,0x00000000d6680000)
  to   space 3072K, 0% used [0x00000000d6700000,0x00000000d6700000,0x00000000d6a00000)
 ParOldGen       total 68608K, used 45513K [0x0000000080000000, 0x0000000084300000, 0x00000000d5580000)
  object space 68608K, 66% used [0x0000000080000000,0x0000000082c72460,0x0000000084300000)
 Metaspace       used 48255K, committed 49472K, reserved 1114112K
  class space    used 5141K, committed 5696K, reserved 1048576K
}
Event: 13.301 GC heap after
{Heap after GC invocations=40 (full 2):
 PSYoungGen      total 17920K, used 2677K [0x00000000d5580000, 0x00000000d6a00000, 0x0000000100000000)
  eden space 14848K, 0% used [0x00000000d5580000,0x00000000d5580000,0x00000000d6400000)
  from space 3072K, 87% used [0x00000000d6700000,0x00000000d699d738,0x00000000d6a00000)
  to   space 3072K, 0% used [0x00000000d6400000,0x00000000d6400000,0x00000000d6700000)
 ParOldGen       total 68608K, used 46994K [0x0000000080000000, 0x0000000084300000, 0x00000000d5580000)
  object space 68608K, 68% used [0x0000000080000000,0x0000000082de48d8,0x0000000084300000)
 Metaspace       used 48255K, committed 49472K, reserved 1114112K
  class space    used 5141K, committed 5696K, reserved 1048576K
}
Event: 13.473 GC heap before
{Heap before GC invocations=41 (full 2):
 PSYoungGen      total 17920K, used 17444K [0x00000000d5580000, 0x00000000d6a00000, 0x0000000100000000)
  eden space 14848K, 99% used [0x00000000d5580000,0x00000000d63ebab0,0x00000000d6400000)
  from space 3072K, 87% used [0x00000000d6700000,0x00000000d699d738,0x00000000d6a00000)
  to   space 3072K, 0% used [0x00000000d6400000,0x00000000d6400000,0x00000000d6700000)
 ParOldGen       total 68608K, used 46994K [0x0000000080000000, 0x0000000084300000, 0x00000000d5580000)
  object space 68608K, 68% used [0x0000000080000000,0x0000000082de48d8,0x0000000084300000)
 Metaspace       used 48451K, committed 49664K, reserved 1114112K
  class space    used 5154K, committed 5696K, reserved 1048576K
}
Event: 13.476 GC heap after
{Heap after GC invocations=41 (full 2):
 PSYoungGen      total 17920K, used 2630K [0x00000000d5580000, 0x00000000d6a00000, 0x0000000100000000)
  eden space 14848K, 0% used [0x00000000d5580000,0x00000000d5580000,0x00000000d6400000)
  from space 3072K, 85% used [0x00000000d6400000,0x00000000d6691980,0x00000000d6700000)
  to   space 3072K, 0% used [0x00000000d6700000,0x00000000d6700000,0x00000000d6a00000)
 ParOldGen       total 68608K, used 48694K [0x0000000080000000, 0x0000000084300000, 0x00000000d5580000)
  object space 68608K, 70% used [0x0000000080000000,0x0000000082f8d860,0x0000000084300000)
 Metaspace       used 48451K, committed 49664K, reserved 1114112K
  class space    used 5154K, committed 5696K, reserved 1048576K
}
Event: 13.640 GC heap before
{Heap before GC invocations=42 (full 2):
 PSYoungGen      total 17920K, used 17478K [0x00000000d5580000, 0x00000000d6a00000, 0x0000000100000000)
  eden space 14848K, 100% used [0x00000000d5580000,0x00000000d6400000,0x00000000d6400000)
  from space 3072K, 85% used [0x00000000d6400000,0x00000000d6691980,0x00000000d6700000)
  to   space 3072K, 0% used [0x00000000d6700000,0x00000000d6700000,0x00000000d6a00000)
 ParOldGen       total 68608K, used 48694K [0x0000000080000000, 0x0000000084300000, 0x00000000d5580000)
  object space 68608K, 70% used [0x0000000080000000,0x0000000082f8d860,0x0000000084300000)
 Metaspace       used 48837K, committed 49984K, reserved 1114112K
  class space    used 5181K, committed 5696K, reserved 1048576K
}
Event: 13.643 GC heap after
{Heap after GC invocations=42 (full 2):
 PSYoungGen      total 17408K, used 2507K [0x00000000d5580000, 0x00000000d6980000, 0x0000000100000000)
  eden space 14848K, 0% used [0x00000000d5580000,0x00000000d5580000,0x00000000d6400000)
  from space 2560K, 97% used [0x00000000d6700000,0x00000000d6972d50,0x00000000d6980000)
  to   space 2560K, 0% used [0x00000000d6480000,0x00000000d6480000,0x00000000d6700000)
 ParOldGen       total 68608K, used 51207K [0x0000000080000000, 0x0000000084300000, 0x00000000d5580000)
  object space 68608K, 74% used [0x0000000080000000,0x0000000083201e40,0x0000000084300000)
 Metaspace       used 48837K, committed 49984K, reserved 1114112K
  class space    used 5181K, committed 5696K, reserved 1048576K
}
Event: 13.795 GC heap before
{Heap before GC invocations=43 (full 2):
 PSYoungGen      total 17408K, used 17355K [0x00000000d5580000, 0x00000000d6980000, 0x0000000100000000)
  eden space 14848K, 100% used [0x00000000d5580000,0x00000000d6400000,0x00000000d6400000)
  from space 2560K, 97% used [0x00000000d6700000,0x00000000d6972d50,0x00000000d6980000)
  to   space 2560K, 0% used [0x00000000d6480000,0x00000000d6480000,0x00000000d6700000)
 ParOldGen       total 68608K, used 51207K [0x0000000080000000, 0x0000000084300000, 0x00000000d5580000)
  object space 68608K, 74% used [0x0000000080000000,0x0000000083201e40,0x0000000084300000)
 Metaspace       used 49154K, committed 50368K, reserved 1114112K
  class space    used 5211K, committed 5760K, reserved 1048576K
}
Event: 13.800 GC heap after
{Heap after GC invocations=43 (full 2):
 PSYoungGen      total 17408K, used 2368K [0x00000000d5580000, 0x00000000d6900000, 0x0000000100000000)
  eden space 14848K, 0% used [0x00000000d5580000,0x00000000d5580000,0x00000000d6400000)
  from space 2560K, 92% used [0x00000000d6480000,0x00000000d66d0100,0x00000000d6700000)
  to   space 2048K, 0% used [0x00000000d6700000,0x00000000d6700000,0x00000000d6900000)
 ParOldGen       total 68608K, used 53450K [0x0000000080000000, 0x0000000084300000, 0x00000000d5580000)
  object space 68608K, 77% used [0x0000000080000000,0x00000000834329b8,0x0000000084300000)
 Metaspace       used 49154K, committed 50368K, reserved 1114112K
  class space    used 5211K, committed 5760K, reserved 1048576K
}
Event: 13.954 GC heap before
{Heap before GC invocations=44 (full 2):
 PSYoungGen      total 17408K, used 17216K [0x00000000d5580000, 0x00000000d6900000, 0x0000000100000000)
  eden space 14848K, 100% used [0x00000000d5580000,0x00000000d6400000,0x00000000d6400000)
  from space 2560K, 92% used [0x00000000d6480000,0x00000000d66d0100,0x00000000d6700000)
  to   space 2048K, 0% used [0x00000000d6700000,0x00000000d6700000,0x00000000d6900000)
 ParOldGen       total 68608K, used 53450K [0x0000000080000000, 0x0000000084300000, 0x00000000d5580000)
  object space 68608K, 77% used [0x0000000080000000,0x00000000834329b8,0x0000000084300000)
 Metaspace       used 49881K, committed 51072K, reserved 1114112K
  class space    used 5294K, committed 5824K, reserved 1048576K
}
Event: 13.960 GC heap after
{Heap after GC invocations=44 (full 2):
 PSYoungGen      total 14848K, used 2042K [0x00000000d5580000, 0x00000000d6e00000, 0x0000000100000000)
  eden space 12800K, 0% used [0x00000000d5580000,0x00000000d5580000,0x00000000d6200000)
  from space 2048K, 99% used [0x00000000d6700000,0x00000000d68fea00,0x00000000d6900000)
  to   space 5120K, 0% used [0x00000000d6200000,0x00000000d6200000,0x00000000d6700000)
 ParOldGen       total 68608K, used 56058K [0x0000000080000000, 0x0000000084300000, 0x00000000d5580000)
  object space 68608K, 81% used [0x0000000080000000,0x00000000836beb60,0x0000000084300000)
 Metaspace       used 49881K, committed 51072K, reserved 1114112K
  class space    used 5294K, committed 5824K, reserved 1048576K
}
Event: 14.128 GC heap before
{Heap before GC invocations=45 (full 2):
 PSYoungGen      total 14848K, used 14842K [0x00000000d5580000, 0x00000000d6e00000, 0x0000000100000000)
  eden space 12800K, 100% used [0x00000000d5580000,0x00000000d6200000,0x00000000d6200000)
  from space 2048K, 99% used [0x00000000d6700000,0x00000000d68fea00,0x00000000d6900000)
  to   space 5120K, 0% used [0x00000000d6200000,0x00000000d6200000,0x00000000d6700000)
 ParOldGen       total 68608K, used 56058K [0x0000000080000000, 0x0000000084300000, 0x00000000d5580000)
  object space 68608K, 81% used [0x0000000080000000,0x00000000836beb60,0x0000000084300000)
 Metaspace       used 49914K, committed 51072K, reserved 1114112K
  class space    used 5296K, committed 5824K, reserved 1048576K
}
Event: 14.133 GC heap after
{Heap after GC invocations=45 (full 2):
 PSYoungGen      total 15360K, used 2418K [0x00000000d5580000, 0x00000000d6900000, 0x0000000100000000)
  eden space 12800K, 0% used [0x00000000d5580000,0x00000000d5580000,0x00000000d6200000)
  from space 2560K, 94% used [0x00000000d6200000,0x00000000d645cb30,0x00000000d6480000)
  to   space 3584K, 0% used [0x00000000d6580000,0x00000000d6580000,0x00000000d6900000)
 ParOldGen       total 68608K, used 58075K [0x0000000080000000, 0x0000000084300000, 0x00000000d5580000)
  object space 68608K, 84% used [0x0000000080000000,0x00000000838b6de8,0x0000000084300000)
 Metaspace       used 49914K, committed 51072K, reserved 1114112K
  class space    used 5296K, committed 5824K, reserved 1048576K
}
Event: 14.248 GC heap before
{Heap before GC invocations=46 (full 2):
 PSYoungGen      total 15360K, used 15218K [0x00000000d5580000, 0x00000000d6900000, 0x0000000100000000)
  eden space 12800K, 100% used [0x00000000d5580000,0x00000000d6200000,0x00000000d6200000)
  from space 2560K, 94% used [0x00000000d6200000,0x00000000d645cb30,0x00000000d6480000)
  to   space 3584K, 0% used [0x00000000d6580000,0x00000000d6580000,0x00000000d6900000)
 ParOldGen       total 68608K, used 58075K [0x0000000080000000, 0x0000000084300000, 0x00000000d5580000)
  object space 68608K, 84% used [0x0000000080000000,0x00000000838b6de8,0x0000000084300000)
 Metaspace       used 49917K, committed 51072K, reserved 1114112K
  class space    used 5296K, committed 5824K, reserved 1048576K
}
Event: 14.252 GC heap after
{Heap after GC invocations=46 (full 2):
 PSYoungGen      total 15360K, used 2512K [0x00000000d5580000, 0x00000000d6800000, 0x0000000100000000)
  eden space 12800K, 0% used [0x00000000d5580000,0x00000000d5580000,0x00000000d6200000)
  from space 2560K, 98% used [0x00000000d6580000,0x00000000d67f4028,0x00000000d6800000)
  to   space 3072K, 0% used [0x00000000d6200000,0x00000000d6200000,0x00000000d6500000)
 ParOldGen       total 68608K, used 60308K [0x0000000080000000, 0x0000000084300000, 0x00000000d5580000)
  object space 68608K, 87% used [0x0000000080000000,0x0000000083ae5060,0x0000000084300000)
 Metaspace       used 49917K, committed 51072K, reserved 1114112K
  class space    used 5296K, committed 5824K, reserved 1048576K
}
Event: 14.416 GC heap before
{Heap before GC invocations=47 (full 2):
 PSYoungGen      total 15360K, used 15312K [0x00000000d5580000, 0x00000000d6800000, 0x0000000100000000)
  eden space 12800K, 100% used [0x00000000d5580000,0x00000000d6200000,0x00000000d6200000)
  from space 2560K, 98% used [0x00000000d6580000,0x00000000d67f4028,0x00000000d6800000)
  to   space 3072K, 0% used [0x00000000d6200000,0x00000000d6200000,0x00000000d6500000)
 ParOldGen       total 68608K, used 60308K [0x0000000080000000, 0x0000000084300000, 0x00000000d5580000)
  object space 68608K, 87% used [0x0000000080000000,0x0000000083ae5060,0x0000000084300000)
 Metaspace       used 49920K, committed 51072K, reserved 1114112K
  class space    used 5296K, committed 5824K, reserved 1048576K
}
Event: 14.419 GC heap after
{Heap after GC invocations=47 (full 2):
 PSYoungGen      total 15872K, used 2883K [0x00000000d5580000, 0x00000000d6800000, 0x0000000100000000)
  eden space 12800K, 0% used [0x00000000d5580000,0x00000000d5580000,0x00000000d6200000)
  from space 3072K, 93% used [0x00000000d6200000,0x00000000d64d0ec8,0x00000000d6500000)
  to   space 3072K, 0% used [0x00000000d6500000,0x00000000d6500000,0x00000000d6800000)
 ParOldGen       total 68608K, used 62644K [0x0000000080000000, 0x0000000084300000, 0x00000000d5580000)
  object space 68608K, 91% used [0x0000000080000000,0x0000000083d2d110,0x0000000084300000)
 Metaspace       used 49920K, committed 51072K, reserved 1114112K
  class space    used 5296K, committed 5824K, reserved 1048576K
}

