# JRE version: OpenJDK Runtime Environment Temurin-21.0.8+9 (21.0.8+9) (build 21.0.8+9-LTS)
# Java VM: OpenJDK 64-Bit Server VM Temurin-21.0.8+9 (21.0.8+9-LTS, mixed mode, sharing, tiered, compressed oops, compressed class ptrs, parallel gc, windows-amd64)
GC Precious Log:
 CardTable entry size: 512
 CPUs: 8 total, 8 available
 Memory: 8043M
 Large Page Support: Disabled
 NUMA Support: Disabled
 Compressed Oops: Enabled (32-bit)
 Alignments: Space 512K, Generation 512K, Heap 2M
 Heap Min Capacity: 100M
 Heap Initial Capacity: 100M
 Heap Max Capacity: 2G
 Pre-touch: Disabled
 Parallel Workers: 8
Heap:
 PSYoungGen      total 5632K, used 5602K [0x00000000d5580000, 0x00000000d5f00000, 0x0000000100000000)
  eden space 3072K, 100% used [0x00000000d5580000,0x00000000d5880000,0x00000000d5880000)
  from space 2560K, 98% used [0x00000000d5b80000,0x00000000d5df88a8,0x00000000d5e00000)
  to   space 3072K, 57% used [0x00000000d5880000,0x00000000d5a3a498,0x00000000d5b80000)
 ParOldGen       total 156672K, used 156606K [0x0000000080000000, 0x0000000089900000, 0x00000000d5580000)
  object space 156672K, 99% used [0x0000000080000000,0x00000000898efb38,0x0000000089900000)
 Metaspace       used 60331K, committed 61696K, reserved 1114112K
  class space    used 6180K, committed 6784K, reserved 1048576K
GC Heap History (20 events):
Event: 48.492 GC heap after
{Heap after GC invocations=254 (full 4):
 PSYoungGen      total 7168K, used 1860K [0x00000000d5580000, 0x00000000d5f00000, 0x0000000100000000)
  eden space 5120K, 0% used [0x00000000d5580000,0x00000000d5580000,0x00000000d5a80000)
  from space 2048K, 90% used [0x00000000d5d00000,0x00000000d5ed1178,0x00000000d5f00000)
  to   space 2048K, 0% used [0x00000000d5b00000,0x00000000d5b00000,0x00000000d5d00000)
 ParOldGen       total 151040K, used 150543K [0x0000000080000000, 0x0000000089380000, 0x00000000d5580000)
  object space 151040K, 99% used [0x0000000080000000,0x0000000089303e20,0x0000000089380000)
 Metaspace       used 59724K, committed 60992K, reserved 1114112K
  class space    used 6126K, committed 6720K, reserved 1048576K
}
Event: 48.557 GC heap before
{Heap before GC invocations=255 (full 4):
 PSYoungGen      total 7168K, used 6980K [0x00000000d5580000, 0x00000000d5f00000, 0x0000000100000000)
  eden space 5120K, 100% used [0x00000000d5580000,0x00000000d5a80000,0x00000000d5a80000)
  from space 2048K, 90% used [0x00000000d5d00000,0x00000000d5ed1178,0x00000000d5f00000)
  to   space 2048K, 0% used [0x00000000d5b00000,0x00000000d5b00000,0x00000000d5d00000)
 ParOldGen       total 151040K, used 150543K [0x0000000080000000, 0x0000000089380000, 0x00000000d5580000)
  object space 151040K, 99% used [0x0000000080000000,0x0000000089303e20,0x0000000089380000)
 Metaspace       used 59737K, committed 60992K, reserved 1114112K
  class space    used 6127K, committed 6720K, reserved 1048576K
}
Event: 48.559 GC heap after
{Heap after GC invocations=255 (full 4):
 PSYoungGen      total 7168K, used 2040K [0x00000000d5580000, 0x00000000d5f80000, 0x0000000100000000)
  eden space 5120K, 0% used [0x00000000d5580000,0x00000000d5580000,0x00000000d5a80000)
  from space 2048K, 99% used [0x00000000d5b00000,0x00000000d5cfe3d8,0x00000000d5d00000)
  to   space 2560K, 0% used [0x00000000d5d00000,0x00000000d5d00000,0x00000000d5f80000)
 ParOldGen       total 151040K, used 150867K [0x0000000080000000, 0x0000000089380000, 0x00000000d5580000)
  object space 151040K, 99% used [0x0000000080000000,0x0000000089354cd0,0x0000000089380000)
 Metaspace       used 59737K, committed 60992K, reserved 1114112K
  class space    used 6127K, committed 6720K, reserved 1048576K
}
Event: 48.648 GC heap before
{Heap before GC invocations=256 (full 4):
 PSYoungGen      total 7168K, used 7160K [0x00000000d5580000, 0x00000000d5f80000, 0x0000000100000000)
  eden space 5120K, 100% used [0x00000000d5580000,0x00000000d5a80000,0x00000000d5a80000)
  from space 2048K, 99% used [0x00000000d5b00000,0x00000000d5cfe3d8,0x00000000d5d00000)
  to   space 2560K, 0% used [0x00000000d5d00000,0x00000000d5d00000,0x00000000d5f80000)
 ParOldGen       total 151040K, used 150867K [0x0000000080000000, 0x0000000089380000, 0x00000000d5580000)
  object space 151040K, 99% used [0x0000000080000000,0x0000000089354cd0,0x0000000089380000)
 Metaspace       used 59804K, committed 61056K, reserved 1114112K
  class space    used 6136K, committed 6720K, reserved 1048576K
}
Event: 48.652 GC heap after
{Heap after GC invocations=256 (full 4):
 PSYoungGen      total 6656K, used 1404K [0x00000000d5580000, 0x00000000d5e80000, 0x0000000100000000)
  eden space 5120K, 0% used [0x00000000d5580000,0x00000000d5580000,0x00000000d5a80000)
  from space 1536K, 91% used [0x00000000d5d00000,0x00000000d5e5f1d8,0x00000000d5e80000)
  to   space 2048K, 0% used [0x00000000d5a80000,0x00000000d5a80000,0x00000000d5c80000)
 ParOldGen       total 152576K, used 152426K [0x0000000080000000, 0x0000000089500000, 0x00000000d5580000)
  object space 152576K, 99% used [0x0000000080000000,0x00000000894da998,0x0000000089500000)
 Metaspace       used 59804K, committed 61056K, reserved 1114112K
  class space    used 6136K, committed 6720K, reserved 1048576K
}
Event: 48.747 GC heap before
{Heap before GC invocations=257 (full 4):
 PSYoungGen      total 6656K, used 6524K [0x00000000d5580000, 0x00000000d5e80000, 0x0000000100000000)
  eden space 5120K, 100% used [0x00000000d5580000,0x00000000d5a80000,0x00000000d5a80000)
  from space 1536K, 91% used [0x00000000d5d00000,0x00000000d5e5f1d8,0x00000000d5e80000)
  to   space 2048K, 0% used [0x00000000d5a80000,0x00000000d5a80000,0x00000000d5c80000)
 ParOldGen       total 152576K, used 152426K [0x0000000080000000, 0x0000000089500000, 0x00000000d5580000)
  object space 152576K, 99% used [0x0000000080000000,0x00000000894da998,0x0000000089500000)
 Metaspace       used 60051K, committed 61376K, reserved 1114112K
  class space    used 6157K, committed 6784K, reserved 1048576K
}
Event: 48.749 GC heap after
{Heap after GC invocations=257 (full 4):
 PSYoungGen      total 7168K, used 1932K [0x00000000d5580000, 0x00000000d5e80000, 0x0000000100000000)
  eden space 5120K, 0% used [0x00000000d5580000,0x00000000d5580000,0x00000000d5a80000)
  from space 2048K, 94% used [0x00000000d5a80000,0x00000000d5c633f8,0x00000000d5c80000)
  to   space 2048K, 0% used [0x00000000d5c80000,0x00000000d5c80000,0x00000000d5e80000)
 ParOldGen       total 152576K, used 152434K [0x0000000080000000, 0x0000000089500000, 0x00000000d5580000)
  object space 152576K, 99% used [0x0000000080000000,0x00000000894dc998,0x0000000089500000)
 Metaspace       used 60051K, committed 61376K, reserved 1114112K
  class space    used 6157K, committed 6784K, reserved 1048576K
}
Event: 48.804 GC heap before
{Heap before GC invocations=258 (full 4):
 PSYoungGen      total 7168K, used 7052K [0x00000000d5580000, 0x00000000d5e80000, 0x0000000100000000)
  eden space 5120K, 100% used [0x00000000d5580000,0x00000000d5a80000,0x00000000d5a80000)
  from space 2048K, 94% used [0x00000000d5a80000,0x00000000d5c633f8,0x00000000d5c80000)
  to   space 2048K, 0% used [0x00000000d5c80000,0x00000000d5c80000,0x00000000d5e80000)
 ParOldGen       total 152576K, used 152434K [0x0000000080000000, 0x0000000089500000, 0x00000000d5580000)
  object space 152576K, 99% used [0x0000000080000000,0x00000000894dc998,0x0000000089500000)
 Metaspace       used 60315K, committed 61696K, reserved 1114112K
  class space    used 6180K, committed 6784K, reserved 1048576K
}
Event: 48.807 GC heap after
{Heap after GC invocations=258 (full 4):
 PSYoungGen      total 6144K, used 2022K [0x00000000d5580000, 0x00000000d6080000, 0x0000000100000000)
  eden space 4096K, 0% used [0x00000000d5580000,0x00000000d5580000,0x00000000d5980000)
  from space 2048K, 98% used [0x00000000d5c80000,0x00000000d5e798c8,0x00000000d5e80000)
  to   space 3072K, 0% used [0x00000000d5980000,0x00000000d5980000,0x00000000d5c80000)
 ParOldGen       total 153600K, used 153100K [0x0000000080000000, 0x0000000089600000, 0x00000000d5580000)
  object space 153600K, 99% used [0x0000000080000000,0x00000000895830a8,0x0000000089600000)
 Metaspace       used 60315K, committed 61696K, reserved 1114112K
  class space    used 6180K, committed 6784K, reserved 1048576K
}
Event: 48.865 GC heap before
{Heap before GC invocations=259 (full 4):
 PSYoungGen      total 6144K, used 6118K [0x00000000d5580000, 0x00000000d6080000, 0x0000000100000000)
  eden space 4096K, 100% used [0x00000000d5580000,0x00000000d5980000,0x00000000d5980000)
  from space 2048K, 98% used [0x00000000d5c80000,0x00000000d5e798c8,0x00000000d5e80000)
  to   space 3072K, 0% used [0x00000000d5980000,0x00000000d5980000,0x00000000d5c80000)
 ParOldGen       total 153600K, used 153100K [0x0000000080000000, 0x0000000089600000, 0x00000000d5580000)
  object space 153600K, 99% used [0x0000000080000000,0x00000000895830a8,0x0000000089600000)
 Metaspace       used 60324K, committed 61696K, reserved 1114112K
  class space    used 6180K, committed 6784K, reserved 1048576K
}
Event: 48.868 GC heap after
{Heap after GC invocations=259 (full 4):
 PSYoungGen      total 6144K, used 1976K [0x00000000d5580000, 0x00000000d5e80000, 0x0000000100000000)
  eden space 4096K, 0% used [0x00000000d5580000,0x00000000d5580000,0x00000000d5980000)
  from space 2048K, 96% used [0x00000000d5980000,0x00000000d5b6e158,0x00000000d5b80000)
  to   space 2560K, 0% used [0x00000000d5c00000,0x00000000d5c00000,0x00000000d5e80000)
 ParOldGen       total 154112K, used 154004K [0x0000000080000000, 0x0000000089680000, 0x00000000d5580000)
  object space 154112K, 99% used [0x0000000080000000,0x0000000089665020,0x0000000089680000)
 Metaspace       used 60324K, committed 61696K, reserved 1114112K
  class space    used 6180K, committed 6784K, reserved 1048576K
}
Event: 48.918 GC heap before
{Heap before GC invocations=260 (full 4):
 PSYoungGen      total 6144K, used 6072K [0x00000000d5580000, 0x00000000d5e80000, 0x0000000100000000)
  eden space 4096K, 100% used [0x00000000d5580000,0x00000000d5980000,0x00000000d5980000)
  from space 2048K, 96% used [0x00000000d5980000,0x00000000d5b6e158,0x00000000d5b80000)
  to   space 2560K, 0% used [0x00000000d5c00000,0x00000000d5c00000,0x00000000d5e80000)
 ParOldGen       total 154112K, used 154004K [0x0000000080000000, 0x0000000089680000, 0x00000000d5580000)
  object space 154112K, 99% used [0x0000000080000000,0x0000000089665020,0x0000000089680000)
 Metaspace       used 60326K, committed 61696K, reserved 1114112K
  class space    used 6180K, committed 6784K, reserved 1048576K
}
Event: 48.920 GC heap after
{Heap after GC invocations=260 (full 4):
 PSYoungGen      total 6144K, used 2536K [0x00000000d5580000, 0x00000000d5f80000, 0x0000000100000000)
  eden space 3584K, 0% used [0x00000000d5580000,0x00000000d5580000,0x00000000d5900000)
  from space 2560K, 99% used [0x00000000d5c00000,0x00000000d5e7a060,0x00000000d5e80000)
  to   space 3072K, 0% used [0x00000000d5900000,0x00000000d5900000,0x00000000d5c00000)
 ParOldGen       total 154624K, used 154189K [0x0000000080000000, 0x0000000089700000, 0x00000000d5580000)
  object space 154624K, 99% used [0x0000000080000000,0x00000000896936d8,0x0000000089700000)
 Metaspace       used 60326K, committed 61696K, reserved 1114112K
  class space    used 6180K, committed 6784K, reserved 1048576K
}
Event: 48.966 GC heap before
{Heap before GC invocations=261 (full 4):
 PSYoungGen      total 6144K, used 6120K [0x00000000d5580000, 0x00000000d5f80000, 0x0000000100000000)
  eden space 3584K, 100% used [0x00000000d5580000,0x00000000d5900000,0x00000000d5900000)
  from space 2560K, 99% used [0x00000000d5c00000,0x00000000d5e7a060,0x00000000d5e80000)
  to   space 3072K, 0% used [0x00000000d5900000,0x00000000d5900000,0x00000000d5c00000)
 ParOldGen       total 154624K, used 154189K [0x0000000080000000, 0x0000000089700000, 0x00000000d5580000)
  object space 154624K, 99% used [0x0000000080000000,0x00000000896936d8,0x0000000089700000)
 Metaspace       used 60329K, committed 61696K, reserved 1114112K
  class space    used 6180K, committed 6784K, reserved 1048576K
}
Event: 48.969 GC heap after
{Heap after GC invocations=261 (full 4):
 PSYoungGen      total 6144K, used 2160K [0x00000000d5580000, 0x00000000d5e00000, 0x0000000100000000)
  eden space 3584K, 0% used [0x00000000d5580000,0x00000000d5580000,0x00000000d5900000)
  from space 2560K, 84% used [0x00000000d5900000,0x00000000d5b1c230,0x00000000d5b80000)
  to   space 2560K, 0% used [0x00000000d5b80000,0x00000000d5b80000,0x00000000d5e00000)
 ParOldGen       total 155648K, used 155265K [0x0000000080000000, 0x0000000089800000, 0x00000000d5580000)
  object space 155648K, 99% used [0x0000000080000000,0x00000000897a0720,0x0000000089800000)
 Metaspace       used 60329K, committed 61696K, reserved 1114112K
  class space    used 6180K, committed 6784K, reserved 1048576K
}
Event: 49.088 GC heap before
{Heap before GC invocations=262 (full 4):
 PSYoungGen      total 6144K, used 5744K [0x00000000d5580000, 0x00000000d5e00000, 0x0000000100000000)
  eden space 3584K, 100% used [0x00000000d5580000,0x00000000d5900000,0x00000000d5900000)
  from space 2560K, 84% used [0x00000000d5900000,0x00000000d5b1c230,0x00000000d5b80000)
  to   space 2560K, 0% used [0x00000000d5b80000,0x00000000d5b80000,0x00000000d5e00000)
 ParOldGen       total 155648K, used 155265K [0x0000000080000000, 0x0000000089800000, 0x00000000d5580000)
  object space 155648K, 99% used [0x0000000080000000,0x00000000897a0720,0x0000000089800000)
 Metaspace       used 60331K, committed 61696K, reserved 1114112K
  class space    used 6180K, committed 6784K, reserved 1048576K
}
Event: 49.090 GC heap after
{Heap after GC invocations=262 (full 4):
 PSYoungGen      total 5632K, used 2530K [0x00000000d5580000, 0x00000000d5f00000, 0x0000000100000000)
  eden space 3072K, 0% used [0x00000000d5580000,0x00000000d5580000,0x00000000d5880000)
  from space 2560K, 98% used [0x00000000d5b80000,0x00000000d5df88a8,0x00000000d5e00000)
  to   space 3072K, 0% used [0x00000000d5880000,0x00000000d5880000,0x00000000d5b80000)
 ParOldGen       total 155648K, used 155365K [0x0000000080000000, 0x0000000089800000, 0x00000000d5580000)
  object space 155648K, 99% used [0x0000000080000000,0x00000000897b94e8,0x0000000089800000)
 Metaspace       used 60331K, committed 61696K, reserved 1114112K
  class space    used 6180K, committed 6784K, reserved 1048576K
}
Event: 49.186 GC heap before
{Heap before GC invocations=263 (full 4):
 PSYoungGen      total 5632K, used 5602K [0x00000000d5580000, 0x00000000d5f00000, 0x0000000100000000)
  eden space 3072K, 100% used [0x00000000d5580000,0x00000000d5880000,0x00000000d5880000)
  from space 2560K, 98% used [0x00000000d5b80000,0x00000000d5df88a8,0x00000000d5e00000)
  to   space 3072K, 0% used [0x00000000d5880000,0x00000000d5880000,0x00000000d5b80000)
 ParOldGen       total 155648K, used 155365K [0x0000000080000000, 0x0000000089800000, 0x00000000d5580000)
  object space 155648K, 99% used [0x0000000080000000,0x00000000897b94e8,0x0000000089800000)
 Metaspace       used 60331K, committed 61696K, reserved 1114112K
  class space    used 6180K, committed 6784K, reserved 1048576K
}
Event: 49.189 GC heap after
{Heap after GC invocations=263 (full 4):
 PSYoungGen      total 5632K, used 5602K [0x00000000d5580000, 0x00000000d5f00000, 0x0000000100000000)
  eden space 3072K, 100% used [0x00000000d5580000,0x00000000d5880000,0x00000000d5880000)
  from space 2560K, 98% used [0x00000000d5b80000,0x00000000d5df88a8,0x00000000d5e00000)
  to   space 3072K, 57% used [0x00000000d5880000,0x00000000d5a3a498,0x00000000d5b80000)
 ParOldGen       total 156672K, used 156606K [0x0000000080000000, 0x0000000089900000, 0x00000000d5580000)
  object space 156672K, 99% used [0x0000000080000000,0x00000000898efb38,0x0000000089900000)
 Metaspace       used 60331K, committed 61696K, reserved 1114112K
  class space    used 6180K, committed 6784K, reserved 1048576K
}
Event: 49.189 GC heap before
{Heap before GC invocations=264 (full 5):
 PSYoungGen      total 5632K, used 5602K [0x00000000d5580000, 0x00000000d5f00000, 0x0000000100000000)
  eden space 3072K, 100% used [0x00000000d5580000,0x00000000d5880000,0x00000000d5880000)
  from space 2560K, 98% used [0x00000000d5b80000,0x00000000d5df88a8,0x00000000d5e00000)
  to   space 3072K, 57% used [0x00000000d5880000,0x00000000d5a3a498,0x00000000d5b80000)
 ParOldGen       total 156672K, used 156606K [0x0000000080000000, 0x0000000089900000, 0x00000000d5580000)
  object space 156672K, 99% used [0x0000000080000000,0x00000000898efb38,0x0000000089900000)
 Metaspace       used 60331K, committed 61696K, reserved 1114112K
  class space    used 6180K, committed 6784K, reserved 1048576K
}

