# JRE version: OpenJDK Runtime Environment Temurin-21.0.8+9 (21.0.8+9) (build 21.0.8+9-LTS)
# Java VM: OpenJDK 64-Bit Server VM Temurin-21.0.8+9 (21.0.8+9-LTS, mixed mode, sharing, tiered, compressed oops, compressed class ptrs, parallel gc, windows-amd64)
GC Precious Log:
 CardTable entry size: 512
 CPUs: 8 total, 8 available
 Memory: 8043M
 Large Page Support: Disabled
 NUMA Support: Disabled
 Compressed Oops: Enabled (32-bit)
 Alignments: Space 512K, Generation 512K, Heap 2M
 Heap Min Capacity: 100M
 Heap Initial Capacity: 100M
 Heap Max Capacity: 2G
 Pre-touch: Disabled
 Parallel Workers: 8
Heap:
 PSYoungGen      total 9728K, used 6770K [0x00000000d5580000, 0x00000000d6200000, 0x0000000100000000)
  eden space 7680K, 64% used [0x00000000d5580000,0x00000000d5a51a78,0x00000000d5d00000)
  from space 2048K, 89% used [0x00000000d5d00000,0x00000000d5ecaf20,0x00000000d5f00000)
  to   space 2560K, 0% used [0x00000000d5f80000,0x00000000d5f80000,0x00000000d6200000)
 ParOldGen       total 83968K, used 75032K [0x0000000080000000, 0x0000000085200000, 0x00000000d5580000)
  object space 83968K, 89% used [0x0000000080000000,0x0000000084946038,0x0000000085200000)
 Metaspace       used 51362K, committed 52672K, reserved 1114112K
  class space    used 5598K, committed 6208K, reserved 1048576K
GC Heap History (20 events):
Event: 16.293 GC heap before
{Heap before GC invocations=54 (full 2):
 PSYoungGen      total 9728K, used 9719K [0x00000000d5580000, 0x00000000d6380000, 0x0000000100000000)
  eden space 9216K, 100% used [0x00000000d5580000,0x00000000d5e80000,0x00000000d5e80000)
  from space 512K, 98% used [0x00000000d6000000,0x00000000d607dc60,0x00000000d6080000)
  to   space 2560K, 0% used [0x00000000d6100000,0x00000000d6100000,0x00000000d6380000)
 ParOldGen       total 71680K, used 71435K [0x0000000080000000, 0x0000000084600000, 0x00000000d5580000)
  object space 71680K, 99% used [0x0000000080000000,0x00000000845c2ff0,0x0000000084600000)
 Metaspace       used 49980K, committed 51200K, reserved 1114112K
  class space    used 5374K, committed 5888K, reserved 1048576K
}
Event: 16.297 GC heap after
{Heap after GC invocations=54 (full 2):
 PSYoungGen      total 11264K, used 1826K [0x00000000d5580000, 0x00000000d6300000, 0x0000000100000000)
  eden space 9216K, 0% used [0x00000000d5580000,0x00000000d5580000,0x00000000d5e80000)
  from space 2048K, 89% used [0x00000000d6100000,0x00000000d62c8b20,0x00000000d6300000)
  to   space 2048K, 0% used [0x00000000d5f00000,0x00000000d5f00000,0x00000000d6100000)
 ParOldGen       total 72192K, used 71955K [0x0000000080000000, 0x0000000084680000, 0x00000000d5580000)
  object space 72192K, 99% used [0x0000000080000000,0x0000000084644ee8,0x0000000084680000)
 Metaspace       used 49980K, committed 51200K, reserved 1114112K
  class space    used 5374K, committed 5888K, reserved 1048576K
}
Event: 16.781 GC heap before
{Heap before GC invocations=55 (full 2):
 PSYoungGen      total 11264K, used 11042K [0x00000000d5580000, 0x00000000d6300000, 0x0000000100000000)
  eden space 9216K, 100% used [0x00000000d5580000,0x00000000d5e80000,0x00000000d5e80000)
  from space 2048K, 89% used [0x00000000d6100000,0x00000000d62c8b20,0x00000000d6300000)
  to   space 2048K, 0% used [0x00000000d5f00000,0x00000000d5f00000,0x00000000d6100000)
 ParOldGen       total 72192K, used 71955K [0x0000000080000000, 0x0000000084680000, 0x00000000d5580000)
  object space 72192K, 99% used [0x0000000080000000,0x0000000084644ee8,0x0000000084680000)
 Metaspace       used 50273K, committed 51520K, reserved 1114112K
  class space    used 5421K, committed 5952K, reserved 1048576K
}
Event: 16.783 GC heap after
{Heap after GC invocations=55 (full 2):
 PSYoungGen      total 11264K, used 1712K [0x00000000d5580000, 0x00000000d6280000, 0x0000000100000000)
  eden space 9216K, 0% used [0x00000000d5580000,0x00000000d5580000,0x00000000d5e80000)
  from space 2048K, 83% used [0x00000000d5f00000,0x00000000d60ac338,0x00000000d6100000)
  to   space 1536K, 0% used [0x00000000d6100000,0x00000000d6100000,0x00000000d6280000)
 ParOldGen       total 73728K, used 73597K [0x0000000080000000, 0x0000000084800000, 0x00000000d5580000)
  object space 73728K, 99% used [0x0000000080000000,0x00000000847df658,0x0000000084800000)
 Metaspace       used 50273K, committed 51520K, reserved 1114112K
  class space    used 5421K, committed 5952K, reserved 1048576K
}
Event: 16.832 GC heap before
{Heap before GC invocations=56 (full 2):
 PSYoungGen      total 11264K, used 10928K [0x00000000d5580000, 0x00000000d6280000, 0x0000000100000000)
  eden space 9216K, 100% used [0x00000000d5580000,0x00000000d5e80000,0x00000000d5e80000)
  from space 2048K, 83% used [0x00000000d5f00000,0x00000000d60ac338,0x00000000d6100000)
  to   space 1536K, 0% used [0x00000000d6100000,0x00000000d6100000,0x00000000d6280000)
 ParOldGen       total 73728K, used 73597K [0x0000000080000000, 0x0000000084800000, 0x00000000d5580000)
  object space 73728K, 99% used [0x0000000080000000,0x00000000847df658,0x0000000084800000)
 Metaspace       used 50554K, committed 51776K, reserved 1114112K
  class space    used 5464K, committed 6016K, reserved 1048576K
}
Event: 16.834 GC heap after
{Heap after GC invocations=56 (full 2):
 PSYoungGen      total 9216K, used 1529K [0x00000000d5580000, 0x00000000d6680000, 0x0000000100000000)
  eden space 7680K, 0% used [0x00000000d5580000,0x00000000d5580000,0x00000000d5d00000)
  from space 1536K, 99% used [0x00000000d6100000,0x00000000d627e418,0x00000000d6280000)
  to   space 4096K, 0% used [0x00000000d5d00000,0x00000000d5d00000,0x00000000d6100000)
 ParOldGen       total 75776K, used 75406K [0x0000000080000000, 0x0000000084a00000, 0x00000000d5580000)
  object space 75776K, 99% used [0x0000000080000000,0x00000000849a3bf0,0x0000000084a00000)
 Metaspace       used 50554K, committed 51776K, reserved 1114112K
  class space    used 5464K, committed 6016K, reserved 1048576K
}
Event: 16.865 GC heap before
{Heap before GC invocations=57 (full 2):
 PSYoungGen      total 9216K, used 9209K [0x00000000d5580000, 0x00000000d6680000, 0x0000000100000000)
  eden space 7680K, 100% used [0x00000000d5580000,0x00000000d5d00000,0x00000000d5d00000)
  from space 1536K, 99% used [0x00000000d6100000,0x00000000d627e418,0x00000000d6280000)
  to   space 4096K, 0% used [0x00000000d5d00000,0x00000000d5d00000,0x00000000d6100000)
 ParOldGen       total 75776K, used 75406K [0x0000000080000000, 0x0000000084a00000, 0x00000000d5580000)
  object space 75776K, 99% used [0x0000000080000000,0x00000000849a3bf0,0x0000000084a00000)
 Metaspace       used 50792K, committed 51968K, reserved 1114112K
  class space    used 5514K, committed 6016K, reserved 1048576K
}
Event: 16.867 GC heap after
{Heap after GC invocations=57 (full 2):
 PSYoungGen      total 9216K, used 1368K [0x00000000d5580000, 0x00000000d6200000, 0x0000000100000000)
  eden space 7680K, 0% used [0x00000000d5580000,0x00000000d5580000,0x00000000d5d00000)
  from space 1536K, 89% used [0x00000000d5d00000,0x00000000d5e56270,0x00000000d5e80000)
  to   space 2560K, 0% used [0x00000000d5f80000,0x00000000d5f80000,0x00000000d6200000)
 ParOldGen       total 77312K, used 76880K [0x0000000080000000, 0x0000000084b80000, 0x00000000d5580000)
  object space 77312K, 99% used [0x0000000080000000,0x0000000084b143a0,0x0000000084b80000)
 Metaspace       used 50792K, committed 51968K, reserved 1114112K
  class space    used 5514K, committed 6016K, reserved 1048576K
}
Event: 16.911 GC heap before
{Heap before GC invocations=58 (full 2):
 PSYoungGen      total 9216K, used 9048K [0x00000000d5580000, 0x00000000d6200000, 0x0000000100000000)
  eden space 7680K, 100% used [0x00000000d5580000,0x00000000d5d00000,0x00000000d5d00000)
  from space 1536K, 89% used [0x00000000d5d00000,0x00000000d5e56270,0x00000000d5e80000)
  to   space 2560K, 0% used [0x00000000d5f80000,0x00000000d5f80000,0x00000000d6200000)
 ParOldGen       total 77312K, used 76880K [0x0000000080000000, 0x0000000084b80000, 0x00000000d5580000)
  object space 77312K, 99% used [0x0000000080000000,0x0000000084b143a0,0x0000000084b80000)
 Metaspace       used 51043K, committed 52288K, reserved 1114112K
  class space    used 5554K, committed 6080K, reserved 1048576K
}
Event: 16.913 GC heap after
{Heap after GC invocations=58 (full 2):
 PSYoungGen      total 9216K, used 1488K [0x00000000d5580000, 0x00000000d6100000, 0x0000000100000000)
  eden space 7680K, 0% used [0x00000000d5580000,0x00000000d5580000,0x00000000d5d00000)
  from space 1536K, 96% used [0x00000000d5f80000,0x00000000d60f4358,0x00000000d6100000)
  to   space 2048K, 0% used [0x00000000d5d00000,0x00000000d5d00000,0x00000000d5f00000)
 ParOldGen       total 78336K, used 78109K [0x0000000080000000, 0x0000000084c80000, 0x00000000d5580000)
  object space 78336K, 99% used [0x0000000080000000,0x0000000084c47720,0x0000000084c80000)
 Metaspace       used 51043K, committed 52288K, reserved 1114112K
  class space    used 5554K, committed 6080K, reserved 1048576K
}
Event: 16.951 GC heap before
{Heap before GC invocations=59 (full 2):
 PSYoungGen      total 9216K, used 9168K [0x00000000d5580000, 0x00000000d6100000, 0x0000000100000000)
  eden space 7680K, 100% used [0x00000000d5580000,0x00000000d5d00000,0x00000000d5d00000)
  from space 1536K, 96% used [0x00000000d5f80000,0x00000000d60f4358,0x00000000d6100000)
  to   space 2048K, 0% used [0x00000000d5d00000,0x00000000d5d00000,0x00000000d5f00000)
 ParOldGen       total 78336K, used 78109K [0x0000000080000000, 0x0000000084c80000, 0x00000000d5580000)
  object space 78336K, 99% used [0x0000000080000000,0x0000000084c47720,0x0000000084c80000)
 Metaspace       used 51133K, committed 52352K, reserved 1114112K
  class space    used 5565K, committed 6080K, reserved 1048576K
}
Event: 16.954 GC heap after
{Heap after GC invocations=59 (full 2):
 PSYoungGen      total 9728K, used 1673K [0x00000000d5580000, 0x00000000d6100000, 0x0000000100000000)
  eden space 7680K, 0% used [0x00000000d5580000,0x00000000d5580000,0x00000000d5d00000)
  from space 2048K, 81% used [0x00000000d5d00000,0x00000000d5ea2738,0x00000000d5f00000)
  to   space 2048K, 0% used [0x00000000d5f00000,0x00000000d5f00000,0x00000000d6100000)
 ParOldGen       total 79872K, used 79502K [0x0000000080000000, 0x0000000084e00000, 0x00000000d5580000)
  object space 79872K, 99% used [0x0000000080000000,0x0000000084da3b18,0x0000000084e00000)
 Metaspace       used 51133K, committed 52352K, reserved 1114112K
  class space    used 5565K, committed 6080K, reserved 1048576K
}
Event: 16.981 GC heap before
{Heap before GC invocations=60 (full 2):
 PSYoungGen      total 9728K, used 9353K [0x00000000d5580000, 0x00000000d6100000, 0x0000000100000000)
  eden space 7680K, 100% used [0x00000000d5580000,0x00000000d5d00000,0x00000000d5d00000)
  from space 2048K, 81% used [0x00000000d5d00000,0x00000000d5ea2738,0x00000000d5f00000)
  to   space 2048K, 0% used [0x00000000d5f00000,0x00000000d5f00000,0x00000000d6100000)
 ParOldGen       total 79872K, used 79502K [0x0000000080000000, 0x0000000084e00000, 0x00000000d5580000)
  object space 79872K, 99% used [0x0000000080000000,0x0000000084da3b18,0x0000000084e00000)
 Metaspace       used 51310K, committed 52544K, reserved 1114112K
  class space    used 5592K, committed 6144K, reserved 1048576K
}
Event: 16.983 GC heap after
{Heap after GC invocations=60 (full 2):
 PSYoungGen      total 9216K, used 1431K [0x00000000d5580000, 0x00000000d6080000, 0x0000000100000000)
  eden space 7680K, 0% used [0x00000000d5580000,0x00000000d5580000,0x00000000d5d00000)
  from space 1536K, 93% used [0x00000000d5f00000,0x00000000d6065d90,0x00000000d6080000)
  to   space 1536K, 0% used [0x00000000d5d80000,0x00000000d5d80000,0x00000000d5f00000)
 ParOldGen       total 81408K, used 81008K [0x0000000080000000, 0x0000000084f80000, 0x00000000d5580000)
  object space 81408K, 99% used [0x0000000080000000,0x0000000084f1c030,0x0000000084f80000)
 Metaspace       used 51310K, committed 52544K, reserved 1114112K
  class space    used 5592K, committed 6144K, reserved 1048576K
}
Event: 17.026 GC heap before
{Heap before GC invocations=61 (full 2):
 PSYoungGen      total 9216K, used 9111K [0x00000000d5580000, 0x00000000d6080000, 0x0000000100000000)
  eden space 7680K, 100% used [0x00000000d5580000,0x00000000d5d00000,0x00000000d5d00000)
  from space 1536K, 93% used [0x00000000d5f00000,0x00000000d6065d90,0x00000000d6080000)
  to   space 1536K, 0% used [0x00000000d5d80000,0x00000000d5d80000,0x00000000d5f00000)
 ParOldGen       total 81408K, used 81008K [0x0000000080000000, 0x0000000084f80000, 0x00000000d5580000)
  object space 81408K, 99% used [0x0000000080000000,0x0000000084f1c030,0x0000000084f80000)
 Metaspace       used 51355K, committed 52672K, reserved 1114112K
  class space    used 5598K, committed 6208K, reserved 1048576K
}
Event: 17.029 GC heap after
{Heap after GC invocations=61 (full 2):
 PSYoungGen      total 9216K, used 1530K [0x00000000d5580000, 0x00000000d6400000, 0x0000000100000000)
  eden space 7680K, 0% used [0x00000000d5580000,0x00000000d5580000,0x00000000d5d00000)
  from space 1536K, 99% used [0x00000000d5d80000,0x00000000d5efead0,0x00000000d5f00000)
  to   space 3584K, 0% used [0x00000000d6080000,0x00000000d6080000,0x00000000d6400000)
 ParOldGen       total 82432K, used 82381K [0x0000000080000000, 0x0000000085080000, 0x00000000d5580000)
  object space 82432K, 99% used [0x0000000080000000,0x0000000085073440,0x0000000085080000)
 Metaspace       used 51355K, committed 52672K, reserved 1114112K
  class space    used 5598K, committed 6208K, reserved 1048576K
}
Event: 17.089 GC heap before
{Heap before GC invocations=62 (full 2):
 PSYoungGen      total 9216K, used 9210K [0x00000000d5580000, 0x00000000d6400000, 0x0000000100000000)
  eden space 7680K, 100% used [0x00000000d5580000,0x00000000d5d00000,0x00000000d5d00000)
  from space 1536K, 99% used [0x00000000d5d80000,0x00000000d5efead0,0x00000000d5f00000)
  to   space 3584K, 0% used [0x00000000d6080000,0x00000000d6080000,0x00000000d6400000)
 ParOldGen       total 82432K, used 82381K [0x0000000080000000, 0x0000000085080000, 0x00000000d5580000)
  object space 82432K, 99% used [0x0000000080000000,0x0000000085073440,0x0000000085080000)
 Metaspace       used 51362K, committed 52672K, reserved 1114112K
  class space    used 5598K, committed 6208K, reserved 1048576K
}
Event: 17.092 GC heap after
{Heap after GC invocations=62 (full 2):
 PSYoungGen      total 9216K, used 9210K [0x00000000d5580000, 0x00000000d6400000, 0x0000000100000000)
  eden space 7680K, 100% used [0x00000000d5580000,0x00000000d5d00000,0x00000000d5d00000)
  from space 1536K, 99% used [0x00000000d5d80000,0x00000000d5efead0,0x00000000d5f00000)
  to   space 3584K, 72% used [0x00000000d6080000,0x00000000d630c270,0x00000000d6400000)
 ParOldGen       total 83968K, used 83545K [0x0000000080000000, 0x0000000085200000, 0x00000000d5580000)
  object space 83968K, 99% used [0x0000000080000000,0x00000000851967f8,0x0000000085200000)
 Metaspace       used 51362K, committed 52672K, reserved 1114112K
  class space    used 5598K, committed 6208K, reserved 1048576K
}
Event: 17.092 GC heap before
{Heap before GC invocations=63 (full 3):
 PSYoungGen      total 9216K, used 9210K [0x00000000d5580000, 0x00000000d6400000, 0x0000000100000000)
  eden space 7680K, 100% used [0x00000000d5580000,0x00000000d5d00000,0x00000000d5d00000)
  from space 1536K, 99% used [0x00000000d5d80000,0x00000000d5efead0,0x00000000d5f00000)
  to   space 3584K, 72% used [0x00000000d6080000,0x00000000d630c270,0x00000000d6400000)
 ParOldGen       total 83968K, used 83545K [0x0000000080000000, 0x0000000085200000, 0x00000000d5580000)
  object space 83968K, 99% used [0x0000000080000000,0x00000000851967f8,0x0000000085200000)
 Metaspace       used 51362K, committed 52672K, reserved 1114112K
  class space    used 5598K, committed 6208K, reserved 1048576K
}
Event: 17.261 GC heap after
{Heap after GC invocations=63 (full 3):
 PSYoungGen      total 11264K, used 0K [0x00000000d5580000, 0x00000000d6400000, 0x0000000100000000)
  eden space 7680K, 0% used [0x00000000d5580000,0x00000000d5580000,0x00000000d5d00000)
  from space 3584K, 0% used [0x00000000d6080000,0x00000000d6080000,0x00000000d6400000)
  to   space 3584K, 0% used [0x00000000d5d00000,0x00000000d5d00000,0x00000000d6080000)
 ParOldGen       total 83968K, used 75032K [0x0000000080000000, 0x0000000085200000, 0x00000000d5580000)
  object space 83968K, 89% used [0x0000000080000000,0x0000000084946038,0x0000000085200000)
 Metaspace       used 51362K, committed 52672K, reserved 1114112K
  class space    used 5598K, committed 6208K, reserved 1048576K
}

