# JRE version: OpenJDK Runtime Environment Temurin-21.0.8+9 (21.0.8+9) (build 21.0.8+9-LTS)
# Java VM: OpenJDK 64-Bit Server VM Temurin-21.0.8+9 (21.0.8+9-LTS, mixed mode, sharing, tiered, compressed oops, compressed class ptrs, parallel gc, windows-amd64)
GC Precious Log:
 CardTable entry size: 512
 CPUs: 8 total, 8 available
 Memory: 8043M
 Large Page Support: Disabled
 NUMA Support: Disabled
 Compressed Oops: Enabled (32-bit)
 Alignments: Space 512K, Generation 512K, Heap 2M
 Heap Min Capacity: 100M
 Heap Initial Capacity: 100M
 Heap Max Capacity: 2G
 Pre-touch: Disabled
 Parallel Workers: 8
Heap:
 PSYoungGen      total 7680K, used 5302K [0x00000000d5580000, 0x00000000d6700000, 0x0000000100000000)
  eden space 7168K, 70% used [0x00000000d5580000,0x00000000d5a6d808,0x00000000d5c80000)
  from space 512K, 50% used [0x00000000d6680000,0x00000000d66c0000,0x00000000d6700000)
  to   space 512K, 0% used [0x00000000d6600000,0x00000000d6600000,0x00000000d6680000)
 ParOldGen       total 802304K, used 801879K [0x0000000080000000, 0x00000000b0f80000, 0x00000000d5580000)
  object space 802304K, 99% used [0x0000000080000000,0x00000000b0f15e40,0x00000000b0f80000)
 Metaspace       used 77089K, committed 78592K, reserved 1179648K
  class space    used 8565K, committed 9216K, reserved 1048576K
GC Heap History (20 events):
Event: 172.852 GC heap before
{Heap before GC invocations=4024 (full 4):
 PSYoungGen      total 12800K, used 12779K [0x00000000d5580000, 0x00000000d6700000, 0x0000000100000000)
  eden space 11776K, 100% used [0x00000000d5580000,0x00000000d6100000,0x00000000d6100000)
  from space 1024K, 97% used [0x00000000d6600000,0x00000000d66fad98,0x00000000d6700000)
  to   space 2048K, 0% used [0x00000000d6300000,0x00000000d6300000,0x00000000d6500000)
 ParOldGen       total 772608K, used 772165K [0x0000000080000000, 0x00000000af280000, 0x00000000d5580000)
  object space 772608K, 99% used [0x0000000080000000,0x00000000af2117e8,0x00000000af280000)
 Metaspace       used 76572K, committed 78016K, reserved 1179648K
  class space    used 8525K, committed 9152K, reserved 1048576K
}
Event: 172.856 GC heap after
{Heap after GC invocations=4024 (full 4):
 PSYoungGen      total 13824K, used 2046K [0x00000000d5580000, 0x00000000d6b00000, 0x0000000100000000)
  eden space 11776K, 0% used [0x00000000d5580000,0x00000000d5580000,0x00000000d6100000)
  from space 2048K, 99% used [0x00000000d6300000,0x00000000d64ff978,0x00000000d6500000)
  to   space 5120K, 0% used [0x00000000d6600000,0x00000000d6600000,0x00000000d6b00000)
 ParOldGen       total 774656K, used 774340K [0x0000000080000000, 0x00000000af480000, 0x00000000d5580000)
  object space 774656K, 99% used [0x0000000080000000,0x00000000af431048,0x00000000af480000)
 Metaspace       used 76572K, committed 78016K, reserved 1179648K
  class space    used 8525K, committed 9152K, reserved 1048576K
}
Event: 173.019 GC heap before
{Heap before GC invocations=4025 (full 4):
 PSYoungGen      total 13824K, used 13822K [0x00000000d5580000, 0x00000000d6b00000, 0x0000000100000000)
  eden space 11776K, 100% used [0x00000000d5580000,0x00000000d6100000,0x00000000d6100000)
  from space 2048K, 99% used [0x00000000d6300000,0x00000000d64ff978,0x00000000d6500000)
  to   space 5120K, 0% used [0x00000000d6600000,0x00000000d6600000,0x00000000d6b00000)
 ParOldGen       total 774656K, used 774340K [0x0000000080000000, 0x00000000af480000, 0x00000000d5580000)
  object space 774656K, 99% used [0x0000000080000000,0x00000000af431048,0x00000000af480000)
 Metaspace       used 76650K, committed 78208K, reserved 1179648K
  class space    used 8535K, committed 9216K, reserved 1048576K
}
Event: 173.030 GC heap after
{Heap after GC invocations=4025 (full 4):
 PSYoungGen      total 12288K, used 5090K [0x00000000d5580000, 0x00000000d7400000, 0x0000000100000000)
  eden space 7168K, 0% used [0x00000000d5580000,0x00000000d5580000,0x00000000d5c80000)
  from space 5120K, 99% used [0x00000000d6600000,0x00000000d6af8998,0x00000000d6b00000)
  to   space 9728K, 0% used [0x00000000d5c80000,0x00000000d5c80000,0x00000000d6600000)
 ParOldGen       total 778240K, used 777894K [0x0000000080000000, 0x00000000af800000, 0x00000000d5580000)
  object space 778240K, 99% used [0x0000000080000000,0x00000000af7a9a40,0x00000000af800000)
 Metaspace       used 76650K, committed 78208K, reserved 1179648K
  class space    used 8535K, committed 9216K, reserved 1048576K
}
Event: 173.074 GC heap before
{Heap before GC invocations=4026 (full 4):
 PSYoungGen      total 12288K, used 12258K [0x00000000d5580000, 0x00000000d7400000, 0x0000000100000000)
  eden space 7168K, 100% used [0x00000000d5580000,0x00000000d5c80000,0x00000000d5c80000)
  from space 5120K, 99% used [0x00000000d6600000,0x00000000d6af8998,0x00000000d6b00000)
  to   space 9728K, 0% used [0x00000000d5c80000,0x00000000d5c80000,0x00000000d6600000)
 ParOldGen       total 778240K, used 777894K [0x0000000080000000, 0x00000000af800000, 0x00000000d5580000)
  object space 778240K, 99% used [0x0000000080000000,0x00000000af7a9a40,0x00000000af800000)
 Metaspace       used 76676K, committed 78208K, reserved 1179648K
  class space    used 8539K, committed 9216K, reserved 1048576K
}
Event: 173.082 GC heap after
{Heap after GC invocations=4026 (full 4):
 PSYoungGen      total 14336K, used 6690K [0x00000000d5580000, 0x00000000d6b80000, 0x0000000100000000)
  eden space 7168K, 0% used [0x00000000d5580000,0x00000000d5580000,0x00000000d5c80000)
  from space 7168K, 93% used [0x00000000d5c80000,0x00000000d6308be0,0x00000000d6380000)
  to   space 7680K, 0% used [0x00000000d6400000,0x00000000d6400000,0x00000000d6b80000)
 ParOldGen       total 783360K, used 783026K [0x0000000080000000, 0x00000000afd00000, 0x00000000d5580000)
  object space 783360K, 99% used [0x0000000080000000,0x00000000afcac898,0x00000000afd00000)
 Metaspace       used 76676K, committed 78208K, reserved 1179648K
  class space    used 8539K, committed 9216K, reserved 1048576K
}
Event: 173.102 GC heap before
{Heap before GC invocations=4027 (full 4):
 PSYoungGen      total 14336K, used 13858K [0x00000000d5580000, 0x00000000d6b80000, 0x0000000100000000)
  eden space 7168K, 100% used [0x00000000d5580000,0x00000000d5c80000,0x00000000d5c80000)
  from space 7168K, 93% used [0x00000000d5c80000,0x00000000d6308be0,0x00000000d6380000)
  to   space 7680K, 0% used [0x00000000d6400000,0x00000000d6400000,0x00000000d6b80000)
 ParOldGen       total 783360K, used 783026K [0x0000000080000000, 0x00000000afd00000, 0x00000000d5580000)
  object space 783360K, 99% used [0x0000000080000000,0x00000000afcac898,0x00000000afd00000)
 Metaspace       used 76690K, committed 78208K, reserved 1179648K
  class space    used 8540K, committed 9216K, reserved 1048576K
}
Event: 173.108 GC heap after
{Heap after GC invocations=4027 (full 4):
 PSYoungGen      total 10752K, used 3542K [0x00000000d5580000, 0x00000000d6780000, 0x0000000100000000)
  eden space 7168K, 0% used [0x00000000d5580000,0x00000000d5580000,0x00000000d5c80000)
  from space 3584K, 98% used [0x00000000d6400000,0x00000000d6775a40,0x00000000d6780000)
  to   space 5120K, 0% used [0x00000000d5d80000,0x00000000d5d80000,0x00000000d6280000)
 ParOldGen       total 788992K, used 788572K [0x0000000080000000, 0x00000000b0280000, 0x00000000d5580000)
  object space 788992K, 99% used [0x0000000080000000,0x00000000b0217070,0x00000000b0280000)
 Metaspace       used 76690K, committed 78208K, reserved 1179648K
  class space    used 8540K, committed 9216K, reserved 1048576K
}
Event: 173.132 GC heap before
{Heap before GC invocations=4028 (full 4):
 PSYoungGen      total 10752K, used 10710K [0x00000000d5580000, 0x00000000d6780000, 0x0000000100000000)
  eden space 7168K, 100% used [0x00000000d5580000,0x00000000d5c80000,0x00000000d5c80000)
  from space 3584K, 98% used [0x00000000d6400000,0x00000000d6775a40,0x00000000d6780000)
  to   space 5120K, 0% used [0x00000000d5d80000,0x00000000d5d80000,0x00000000d6280000)
 ParOldGen       total 788992K, used 788572K [0x0000000080000000, 0x00000000b0280000, 0x00000000d5580000)
  object space 788992K, 99% used [0x0000000080000000,0x00000000b0217070,0x00000000b0280000)
 Metaspace       used 76701K, committed 78208K, reserved 1179648K
  class space    used 8541K, committed 9216K, reserved 1048576K
}
Event: 173.138 GC heap after
{Heap after GC invocations=4028 (full 4):
 PSYoungGen      total 12288K, used 5105K [0x00000000d5580000, 0x00000000d7380000, 0x0000000100000000)
  eden space 7168K, 0% used [0x00000000d5580000,0x00000000d5580000,0x00000000d5c80000)
  from space 5120K, 99% used [0x00000000d5d80000,0x00000000d627c6a0,0x00000000d6280000)
  to   space 11776K, 0% used [0x00000000d6800000,0x00000000d6800000,0x00000000d7380000)
 ParOldGen       total 794112K, used 793645K [0x0000000080000000, 0x00000000b0780000, 0x00000000d5580000)
  object space 794112K, 99% used [0x0000000080000000,0x00000000b070b430,0x00000000b0780000)
 Metaspace       used 76701K, committed 78208K, reserved 1179648K
  class space    used 8541K, committed 9216K, reserved 1048576K
}
Event: 173.239 GC heap before
{Heap before GC invocations=4029 (full 4):
 PSYoungGen      total 12288K, used 12273K [0x00000000d5580000, 0x00000000d7380000, 0x0000000100000000)
  eden space 7168K, 100% used [0x00000000d5580000,0x00000000d5c80000,0x00000000d5c80000)
  from space 5120K, 99% used [0x00000000d5d80000,0x00000000d627c6a0,0x00000000d6280000)
  to   space 11776K, 0% used [0x00000000d6800000,0x00000000d6800000,0x00000000d7380000)
 ParOldGen       total 794112K, used 793645K [0x0000000080000000, 0x00000000b0780000, 0x00000000d5580000)
  object space 794112K, 99% used [0x0000000080000000,0x00000000b070b430,0x00000000b0780000)
 Metaspace       used 76730K, committed 78272K, reserved 1179648K
  class space    used 8542K, committed 9216K, reserved 1048576K
}
Event: 173.247 GC heap after
{Heap after GC invocations=4029 (full 4):
 PSYoungGen      total 10752K, used 3072K [0x00000000d5580000, 0x00000000d6b80000, 0x0000000100000000)
  eden space 7168K, 0% used [0x00000000d5580000,0x00000000d5580000,0x00000000d5c80000)
  from space 3584K, 85% used [0x00000000d6800000,0x00000000d6b00020,0x00000000d6b80000)
  to   space 6144K, 0% used [0x00000000d5f80000,0x00000000d5f80000,0x00000000d6580000)
 ParOldGen       total 799232K, used 798807K [0x0000000080000000, 0x00000000b0c80000, 0x00000000d5580000)
  object space 799232K, 99% used [0x0000000080000000,0x00000000b0c15e20,0x00000000b0c80000)
 Metaspace       used 76730K, committed 78272K, reserved 1179648K
  class space    used 8542K, committed 9216K, reserved 1048576K
}
Event: 173.415 GC heap before
{Heap before GC invocations=4030 (full 4):
 PSYoungGen      total 10752K, used 10239K [0x00000000d5580000, 0x00000000d6b80000, 0x0000000100000000)
  eden space 7168K, 99% used [0x00000000d5580000,0x00000000d5c7ffb0,0x00000000d5c80000)
  from space 3584K, 85% used [0x00000000d6800000,0x00000000d6b00020,0x00000000d6b80000)
  to   space 6144K, 0% used [0x00000000d5f80000,0x00000000d5f80000,0x00000000d6580000)
 ParOldGen       total 799232K, used 798807K [0x0000000080000000, 0x00000000b0c80000, 0x00000000d5580000)
  object space 799232K, 99% used [0x0000000080000000,0x00000000b0c15e20,0x00000000b0c80000)
 Metaspace       used 76759K, committed 78272K, reserved 1179648K
  class space    used 8542K, committed 9216K, reserved 1048576K
}
Event: 173.421 GC heap after
{Heap after GC invocations=4030 (full 4):
 PSYoungGen      total 13312K, used 128K [0x00000000d5580000, 0x00000000d6880000, 0x0000000100000000)
  eden space 7168K, 0% used [0x00000000d5580000,0x00000000d5580000,0x00000000d5c80000)
  from space 6144K, 2% used [0x00000000d5f80000,0x00000000d5fa0000,0x00000000d6580000)
  to   space 2048K, 0% used [0x00000000d6680000,0x00000000d6680000,0x00000000d6880000)
 ParOldGen       total 802304K, used 801799K [0x0000000080000000, 0x00000000b0f80000, 0x00000000d5580000)
  object space 802304K, 99% used [0x0000000080000000,0x00000000b0f01e40,0x00000000b0f80000)
 Metaspace       used 76759K, committed 78272K, reserved 1179648K
  class space    used 8542K, committed 9216K, reserved 1048576K
}
Event: 173.550 GC heap before
{Heap before GC invocations=4031 (full 4):
 PSYoungGen      total 13312K, used 7296K [0x00000000d5580000, 0x00000000d6880000, 0x0000000100000000)
  eden space 7168K, 100% used [0x00000000d5580000,0x00000000d5c80000,0x00000000d5c80000)
  from space 6144K, 2% used [0x00000000d5f80000,0x00000000d5fa0000,0x00000000d6580000)
  to   space 2048K, 0% used [0x00000000d6680000,0x00000000d6680000,0x00000000d6880000)
 ParOldGen       total 802304K, used 801799K [0x0000000080000000, 0x00000000b0f80000, 0x00000000d5580000)
  object space 802304K, 99% used [0x0000000080000000,0x00000000b0f01e40,0x00000000b0f80000)
 Metaspace       used 76775K, committed 78272K, reserved 1179648K
  class space    used 8542K, committed 9216K, reserved 1048576K
}
Event: 173.554 GC heap after
{Heap after GC invocations=4031 (full 4):
 PSYoungGen      total 7680K, used 256K [0x00000000d5580000, 0x00000000d6700000, 0x0000000100000000)
  eden space 7168K, 0% used [0x00000000d5580000,0x00000000d5580000,0x00000000d5c80000)
  from space 512K, 50% used [0x00000000d6680000,0x00000000d66c0000,0x00000000d6700000)
  to   space 512K, 0% used [0x00000000d6600000,0x00000000d6600000,0x00000000d6680000)
 ParOldGen       total 802304K, used 801831K [0x0000000080000000, 0x00000000b0f80000, 0x00000000d5580000)
  object space 802304K, 99% used [0x0000000080000000,0x00000000b0f09e40,0x00000000b0f80000)
 Metaspace       used 76775K, committed 78272K, reserved 1179648K
  class space    used 8542K, committed 9216K, reserved 1048576K
}
Event: 173.676 GC heap before
{Heap before GC invocations=4032 (full 4):
 PSYoungGen      total 7680K, used 7424K [0x00000000d5580000, 0x00000000d6700000, 0x0000000100000000)
  eden space 7168K, 100% used [0x00000000d5580000,0x00000000d5c80000,0x00000000d5c80000)
  from space 512K, 50% used [0x00000000d6680000,0x00000000d66c0000,0x00000000d6700000)
  to   space 512K, 0% used [0x00000000d6600000,0x00000000d6600000,0x00000000d6680000)
 ParOldGen       total 802304K, used 801831K [0x0000000080000000, 0x00000000b0f80000, 0x00000000d5580000)
  object space 802304K, 99% used [0x0000000080000000,0x00000000b0f09e40,0x00000000b0f80000)
 Metaspace       used 76796K, committed 78272K, reserved 1179648K
  class space    used 8542K, committed 9216K, reserved 1048576K
}
Event: 173.678 GC heap after
{Heap after GC invocations=4032 (full 4):
 PSYoungGen      total 7680K, used 224K [0x00000000d5580000, 0x00000000d6700000, 0x0000000100000000)
  eden space 7168K, 0% used [0x00000000d5580000,0x00000000d5580000,0x00000000d5c80000)
  from space 512K, 43% used [0x00000000d6600000,0x00000000d6638000,0x00000000d6680000)
  to   space 512K, 0% used [0x00000000d6680000,0x00000000d6680000,0x00000000d6700000)
 ParOldGen       total 802304K, used 801863K [0x0000000080000000, 0x00000000b0f80000, 0x00000000d5580000)
  object space 802304K, 99% used [0x0000000080000000,0x00000000b0f11e40,0x00000000b0f80000)
 Metaspace       used 76796K, committed 78272K, reserved 1179648K
  class space    used 8542K, committed 9216K, reserved 1048576K
}
Event: 337.098 GC heap before
{Heap before GC invocations=4033 (full 4):
 PSYoungGen      total 7680K, used 7391K [0x00000000d5580000, 0x00000000d6700000, 0x0000000100000000)
  eden space 7168K, 99% used [0x00000000d5580000,0x00000000d5c7fff0,0x00000000d5c80000)
  from space 512K, 43% used [0x00000000d6600000,0x00000000d6638000,0x00000000d6680000)
  to   space 512K, 0% used [0x00000000d6680000,0x00000000d6680000,0x00000000d6700000)
 ParOldGen       total 802304K, used 801863K [0x0000000080000000, 0x00000000b0f80000, 0x00000000d5580000)
  object space 802304K, 99% used [0x0000000080000000,0x00000000b0f11e40,0x00000000b0f80000)
 Metaspace       used 77012K, committed 78464K, reserved 1179648K
  class space    used 8565K, committed 9216K, reserved 1048576K
}
Event: 337.104 GC heap after
{Heap after GC invocations=4033 (full 4):
 PSYoungGen      total 7680K, used 256K [0x00000000d5580000, 0x00000000d6700000, 0x0000000100000000)
  eden space 7168K, 0% used [0x00000000d5580000,0x00000000d5580000,0x00000000d5c80000)
  from space 512K, 50% used [0x00000000d6680000,0x00000000d66c0000,0x00000000d6700000)
  to   space 512K, 0% used [0x00000000d6600000,0x00000000d6600000,0x00000000d6680000)
 ParOldGen       total 802304K, used 801879K [0x0000000080000000, 0x00000000b0f80000, 0x00000000d5580000)
  object space 802304K, 99% used [0x0000000080000000,0x00000000b0f15e40,0x00000000b0f80000)
 Metaspace       used 77012K, committed 78464K, reserved 1179648K
  class space    used 8565K, committed 9216K, reserved 1048576K
}

